<?xml version="1.0" encoding="UTF-8"?>
<!-- Generated by org.testng.reporters.JUnitXMLReporter -->
<testsuite hostname="Amritha" ignored="0" name="Command line test" tests="2" failures="0" timestamp="06 May 2018 18:12:03 GMT" time="21.474" errors="0">
  <testcase name="testRegister" time="11.462" classname="org.itlink.selenium.selenium_automation.LoginTest"/>
  <testcase name="testRegister" time="9.963" classname="org.itlink.selenium.selenium_automation.RegisterTest"/>
</testsuite> <!-- Command line test -->
