<?xml version="1.0" encoding="UTF-8" ?>
<testsuite tests="3" failures="0" name="TestSuite" time="31.594" errors="0" skipped="0">
  <properties>
[...]
</properties>
  <testcase classname="org.itlink.selenium.selenium_automation.LoginTest" name="testRegister" time="11.461"/>
  <testcase classname="org.itlink.selenium.selenium_automation.RegisterTest" name="testRegister" time="9.958"/>
  <testcase classname="org.itlink.selenium.selenium_automation.AppTest" name="testApp on testApp(org.itlink.selenium.selenium_automation.AppTest)" time="10.175"/>
</testsuite>