<?xml version="1.0" encoding="UTF-8"?>
<testng-results skipped="0" failed="0" ignored="0" total="1" passed="1">
  <reporter-output>
  </reporter-output>
  <suite name="Suite" duration-ms="13413" started-at="2018-05-06T18:11:05Z" finished-at="2018-05-06T18:11:19Z">
    <groups>
    </groups>
    <test name="Test" duration-ms="13413" started-at="2018-05-06T18:11:05Z" finished-at="2018-05-06T18:11:19Z">
      <class name="org.itlink.selenium.selenium_automation.RegisterTest">
        <test-method status="PASS" signature="testRegister()[pri:0, instance:org.itlink.selenium.selenium_automation.RegisterTest@26be92ad]" name="testRegister" duration-ms="13377" started-at="2018-05-06T18:11:05Z" description="Sign-up User" finished-at="2018-05-06T18:11:19Z">
          <reporter-output>
          </reporter-output>
        </test-method> <!-- testRegister -->
      </class> <!-- org.itlink.selenium.selenium_automation.RegisterTest -->
    </test> <!-- Test -->
  </suite> <!-- Suite -->
</testng-results>
